# JRE version: Java(TM) SE Runtime Environment (8.0_60-b27) (build 1.8.0_60-b27)
# Java VM: Java HotSpot(TM) Client VM (25.60-b23 mixed mode windows-x86 )
Heap:
 def new generation   total 67200K, used 40897K [0x04a00000, 0x092e0000, 0x09f50000)
  eden space 59776K,  62% used [0x04a00000, 0x06e31508, 0x08460000)
  from space 7424K,  51% used [0x08ba0000, 0x08f5efd8, 0x092e0000)
  to   space 7424K,   0% used [0x08460000, 0x08460000, 0x08ba0000)
 tenured generation   total 149200K, used 94753K [0x09f50000, 0x13104000, 0x14a00000)
   the space 149200K,  63% used [0x09f50000, 0x0fbd8460, 0x0fbd8600, 0x13104000)
 Metaspace       used 3316K, capacity 3360K, committed 3392K, reserved 4480K
GC Heap History (10 events):
Event: 28.182 GC heap before
{Heap before GC invocations=803 (full 6):
 def new generation   total 67200K, used 63607K [0x04a00000, 0x092e0000, 0x09f50000)
  eden space 59776K, 100% used [0x04a00000, 0x08460000, 0x08460000)
  from space 7424K,  51% used [0x08460000, 0x0881dcf8, 0x08ba0000)
  to   space 7424K,   0% used [0x08ba0000, 0x08ba0000, 0x092e0000)
 tenured generation   total 149200K, used 85179K [0x09f50000, 0x13104000, 0x14a00000)
   the space 149200K,  57% used [0x09f50000, 0x0f27ee98, 0x0f27f000, 0x13104000)
 Metaspace       used 3276K, capacity 3328K, committed 3392K, reserved 4480K
Event: 28.185 GC heap after
Heap after GC invocations=804 (full 6):
 def new generation   total 67200K, used 3829K [0x04a00000, 0x092e0000, 0x09f50000)
  eden space 59776K,   0% used [0x04a00000, 0x04a00000, 0x08460000)
  from space 7424K,  51% used [0x08ba0000, 0x08f5d4b0, 0x092e0000)
  to   space 7424K,   0% used [0x08460000, 0x08460000, 0x08ba0000)
 tenured generation   total 149200K, used 87096K [0x09f50000, 0x13104000, 0x14a00000)
   the space 149200K,  58% used [0x09f50000, 0x0f45e0a0, 0x0f45e200, 0x13104000)
 Metaspace       used 3276K, capacity 3328K, committed 3392K, reserved 4480K
}
Event: 28.814 GC heap before
{Heap before GC invocations=804 (full 6):
 def new generation   total 67200K, used 63605K [0x04a00000, 0x092e0000, 0x09f50000)
  eden space 59776K, 100% used [0x04a00000, 0x08460000, 0x08460000)
  from space 7424K,  51% used [0x08ba0000, 0x08f5d4b0, 0x092e0000)
  to   space 7424K,   0% used [0x08460000, 0x08460000, 0x08ba0000)
 tenured generation   total 149200K, used 87096K [0x09f50000, 0x13104000, 0x14a00000)
   the space 149200K,  58% used [0x09f50000, 0x0f45e0a0, 0x0f45e200, 0x13104000)
 Metaspace       used 3276K, capacity 3328K, committed 3392K, reserved 4480K
Event: 28.817 GC heap after
Heap after GC invocations=805 (full 6):
 def new generation   total 67200K, used 3829K [0x04a00000, 0x092e0000, 0x09f50000)
  eden space 59776K,   0% used [0x04a00000, 0x04a00000, 0x08460000)
  from space 7424K,  51% used [0x08460000, 0x0881d500, 0x08ba0000)
  to   space 7424K,   0% used [0x08ba0000, 0x08ba0000, 0x092e0000)
 tenured generation   total 149200K, used 89008K [0x09f50000, 0x13104000, 0x14a00000)
   the space 149200K,  59% used [0x09f50000, 0x0f63c380, 0x0f63c400, 0x13104000)
 Metaspace       used 3276K, capacity 3328K, committed 3392K, reserved 4480K
}
Event: 29.471 GC heap before
{Heap before GC invocations=805 (full 6):
 def new generation   total 67200K, used 63605K [0x04a00000, 0x092e0000, 0x09f50000)
  eden space 59776K, 100% used [0x04a00000, 0x08460000, 0x08460000)
  from space 7424K,  51% used [0x08460000, 0x0881d500, 0x08ba0000)
  to   space 7424K,   0% used [0x08ba0000, 0x08ba0000, 0x092e0000)
 tenured generation   total 149200K, used 89008K [0x09f50000, 0x13104000, 0x14a00000)
   the space 149200K,  59% used [0x09f50000, 0x0f63c380, 0x0f63c400, 0x13104000)
 Metaspace       used 3276K, capacity 3328K, committed 3392K, reserved 4480K
Event: 29.474 GC heap after
Heap after GC invocations=806 (full 6):
 def new generation   total 67200K, used 3833K [0x04a00000, 0x092e0000, 0x09f50000)
  eden space 59776K,   0% used [0x04a00000, 0x04a00000, 0x08460000)
  from space 7424K,  51% used [0x08ba0000, 0x08f5e650, 0x092e0000)
  to   space 7424K,   0% used [0x08460000, 0x08460000, 0x08ba0000)
 tenured generation   total 149200K, used 90922K [0x09f50000, 0x13104000, 0x14a00000)
   the space 149200K,  60% used [0x09f50000, 0x0f81a968, 0x0f81aa00, 0x13104000)
 Metaspace       used 3276K, capacity 3328K, committed 3392K, reserved 4480K
}
Event: 30.118 GC heap before
{Heap before GC invocations=806 (full 6):
 def new generation   total 67200K, used 63609K [0x04a00000, 0x092e0000, 0x09f50000)
  eden space 59776K, 100% used [0x04a00000, 0x08460000, 0x08460000)
  from space 7424K,  51% used [0x08ba0000, 0x08f5e650, 0x092e0000)
  to   space 7424K,   0% used [0x08460000, 0x08460000, 0x08ba0000)
 tenured generation   total 149200K, used 90922K [0x09f50000, 0x13104000, 0x14a00000)
   the space 149200K,  60% used [0x09f50000, 0x0f81a968, 0x0f81aa00, 0x13104000)
 Metaspace       used 3276K, capacity 3328K, committed 3392K, reserved 4480K
Event: 30.122 GC heap after
Heap after GC invocations=807 (full 6):
 def new generation   total 67200K, used 3835K [0x04a00000, 0x092e0000, 0x09f50000)
  eden space 59776K,   0% used [0x04a00000, 0x04a00000, 0x08460000)
  from space 7424K,  51% used [0x08460000, 0x0881ec40, 0x08ba0000)
  to   space 7424K,   0% used [0x08ba0000, 0x08ba0000, 0x092e0000)
 tenured generation   total 149200K, used 92837K [0x09f50000, 0x13104000, 0x14a00000)
   the space 149200K,  62% used [0x09f50000, 0x0f9f9560, 0x0f9f9600, 0x13104000)
 Metaspace       used 3276K, capacity 3328K, committed 3392K, reserved 4480K
}
Event: 30.765 GC heap before
{Heap before GC invocations=807 (full 6):
 def new generation   total 67200K, used 63611K [0x04a00000, 0x092e0000, 0x09f50000)
  eden space 59776K, 100% used [0x04a00000, 0x08460000, 0x08460000)
  from space 7424K,  51% used [0x08460000, 0x0881ec40, 0x08ba0000)
  to   space 7424K,   0% used [0x08ba0000, 0x08ba0000, 0x092e0000)
 tenured generation   total 149200K, used 92837K [0x09f50000, 0x13104000, 0x14a00000)
   the space 149200K,  62% used [0x09f50000, 0x0f9f9560, 0x0f9f9600, 0x13104000)
 Metaspace       used 3276K, capacity 3328K, committed 3392K, reserved 4480K
Event: 30.768 GC heap after
Heap after GC invocations=808 (full 6):
 def new generation   total 67200K, used 3835K [0x04a00000, 0x092e0000, 0x09f50000)
  eden space 59776K,   0% used [0x04a00000, 0x04a00000, 0x08460000)
  from space 7424K,  51% used [0x08ba0000, 0x08f5efd8, 0x092e0000)
  to   space 7424K,   0% used [0x08460000, 0x08460000, 0x08ba0000)
 tenured generation   total 149200K, used 94753K [0x09f50000, 0x13104000, 0x14a00000)
   the space 149200K,  63% used [0x09f50000, 0x0fbd8460, 0x0fbd8600, 0x13104000)
 Metaspace       used 3276K, capacity 3328K, committed 3392K, reserved 4480K
}

