# JRE version: Java(TM) SE Runtime Environment (8.0_60-b27) (build 1.8.0_60-b27)
# Java VM: Java HotSpot(TM) Client VM (25.60-b23 mixed mode windows-x86 )
Heap:
 def new generation   total 4928K, used 3015K [0x04c00000, 0x05150000, 0x0a150000)
  eden space 4416K,  68% used [0x04c00000, 0x04ef1b78, 0x05050000)
  from space 512K,   0% used [0x05050000, 0x050500a0, 0x050d0000)
  to   space 512K,   0% used [0x050d0000, 0x050d0000, 0x05150000)
 tenured generation   total 10944K, used 2600K [0x0a150000, 0x0ac00000, 0x14c00000)
   the space 10944K,  23% used [0x0a150000, 0x0a3da2a8, 0x0a3da400, 0x0ac00000)
 Metaspace       used 6240K, capacity 6465K, committed 6528K, reserved 6528K
GC Heap History (10 events):
Event: 53.235 GC heap before
{Heap before GC invocations=2811 (full 0):
 def new generation   total 4928K, used 4416K [0x04c00000, 0x05150000, 0x0a150000)
  eden space 4416K, 100% used [0x04c00000, 0x05050000, 0x05050000)
  from space 512K,   0% used [0x050d0000, 0x050d00a0, 0x05150000)
  to   space 512K,   0% used [0x05050000, 0x05050000, 0x050d0000)
 tenured generation   total 10944K, used 2600K [0x0a150000, 0x0ac00000, 0x14c00000)
   the space 10944K,  23% used [0x0a150000, 0x0a3da2a8, 0x0a3da400, 0x0ac00000)
 Metaspace       used 6240K, capacity 6465K, committed 6528K, reserved 6528K
Event: 53.236 GC heap after
Heap after GC invocations=2812 (full 0):
 def new generation   total 4928K, used 0K [0x04c00000, 0x05150000, 0x0a150000)
  eden space 4416K,   0% used [0x04c00000, 0x04c00000, 0x05050000)
  from space 512K,   0% used [0x05050000, 0x050500a0, 0x050d0000)
  to   space 512K,   0% used [0x050d0000, 0x050d0000, 0x05150000)
 tenured generation   total 10944K, used 2600K [0x0a150000, 0x0ac00000, 0x14c00000)
   the space 10944K,  23% used [0x0a150000, 0x0a3da2a8, 0x0a3da400, 0x0ac00000)
 Metaspace       used 6240K, capacity 6465K, committed 6528K, reserved 6528K
}
Event: 53.252 GC heap before
{Heap before GC invocations=2812 (full 0):
 def new generation   total 4928K, used 4416K [0x04c00000, 0x05150000, 0x0a150000)
  eden space 4416K, 100% used [0x04c00000, 0x05050000, 0x05050000)
  from space 512K,   0% used [0x05050000, 0x050500a0, 0x050d0000)
  to   space 512K,   0% used [0x050d0000, 0x050d0000, 0x05150000)
 tenured generation   total 10944K, used 2600K [0x0a150000, 0x0ac00000, 0x14c00000)
   the space 10944K,  23% used [0x0a150000, 0x0a3da2a8, 0x0a3da400, 0x0ac00000)
 Metaspace       used 6240K, capacity 6465K, committed 6528K, reserved 6528K
Event: 53.253 GC heap after
Heap after GC invocations=2813 (full 0):
 def new generation   total 4928K, used 0K [0x04c00000, 0x05150000, 0x0a150000)
  eden space 4416K,   0% used [0x04c00000, 0x04c00000, 0x05050000)
  from space 512K,   0% used [0x050d0000, 0x050d00a0, 0x05150000)
  to   space 512K,   0% used [0x05050000, 0x05050000, 0x050d0000)
 tenured generation   total 10944K, used 2600K [0x0a150000, 0x0ac00000, 0x14c00000)
   the space 10944K,  23% used [0x0a150000, 0x0a3da2a8, 0x0a3da400, 0x0ac00000)
 Metaspace       used 6240K, capacity 6465K, committed 6528K, reserved 6528K
}
Event: 53.269 GC heap before
{Heap before GC invocations=2813 (full 0):
 def new generation   total 4928K, used 4416K [0x04c00000, 0x05150000, 0x0a150000)
  eden space 4416K, 100% used [0x04c00000, 0x05050000, 0x05050000)
  from space 512K,   0% used [0x050d0000, 0x050d00a0, 0x05150000)
  to   space 512K,   0% used [0x05050000, 0x05050000, 0x050d0000)
 tenured generation   total 10944K, used 2600K [0x0a150000, 0x0ac00000, 0x14c00000)
   the space 10944K,  23% used [0x0a150000, 0x0a3da2a8, 0x0a3da400, 0x0ac00000)
 Metaspace       used 6240K, capacity 6465K, committed 6528K, reserved 6528K
Event: 53.270 GC heap after
Heap after GC invocations=2814 (full 0):
 def new generation   total 4928K, used 0K [0x04c00000, 0x05150000, 0x0a150000)
  eden space 4416K,   0% used [0x04c00000, 0x04c00000, 0x05050000)
  from space 512K,   0% used [0x05050000, 0x050500a0, 0x050d0000)
  to   space 512K,   0% used [0x050d0000, 0x050d0000, 0x05150000)
 tenured generation   total 10944K, used 2600K [0x0a150000, 0x0ac00000, 0x14c00000)
   the space 10944K,  23% used [0x0a150000, 0x0a3da2a8, 0x0a3da400, 0x0ac00000)
 Metaspace       used 6240K, capacity 6465K, committed 6528K, reserved 6528K
}
Event: 53.287 GC heap before
{Heap before GC invocations=2814 (full 0):
 def new generation   total 4928K, used 4416K [0x04c00000, 0x05150000, 0x0a150000)
  eden space 4416K, 100% used [0x04c00000, 0x05050000, 0x05050000)
  from space 512K,   0% used [0x05050000, 0x050500a0, 0x050d0000)
  to   space 512K,   0% used [0x050d0000, 0x050d0000, 0x05150000)
 tenured generation   total 10944K, used 2600K [0x0a150000, 0x0ac00000, 0x14c00000)
   the space 10944K,  23% used [0x0a150000, 0x0a3da2a8, 0x0a3da400, 0x0ac00000)
 Metaspace       used 6240K, capacity 6465K, committed 6528K, reserved 6528K
Event: 53.287 GC heap after
Heap after GC invocations=2815 (full 0):
 def new generation   total 4928K, used 0K [0x04c00000, 0x05150000, 0x0a150000)
  eden space 4416K,   0% used [0x04c00000, 0x04c00000, 0x05050000)
  from space 512K,   0% used [0x050d0000, 0x050d00a0, 0x05150000)
  to   space 512K,   0% used [0x05050000, 0x05050000, 0x050d0000)
 tenured generation   total 10944K, used 2600K [0x0a150000, 0x0ac00000, 0x14c00000)
   the space 10944K,  23% used [0x0a150000, 0x0a3da2a8, 0x0a3da400, 0x0ac00000)
 Metaspace       used 6240K, capacity 6465K, committed 6528K, reserved 6528K
}
Event: 53.303 GC heap before
{Heap before GC invocations=2815 (full 0):
 def new generation   total 4928K, used 4416K [0x04c00000, 0x05150000, 0x0a150000)
  eden space 4416K, 100% used [0x04c00000, 0x05050000, 0x05050000)
  from space 512K,   0% used [0x050d0000, 0x050d00a0, 0x05150000)
  to   space 512K,   0% used [0x05050000, 0x05050000, 0x050d0000)
 tenured generation   total 10944K, used 2600K [0x0a150000, 0x0ac00000, 0x14c00000)
   the space 10944K,  23% used [0x0a150000, 0x0a3da2a8, 0x0a3da400, 0x0ac00000)
 Metaspace       used 6240K, capacity 6465K, committed 6528K, reserved 6528K
Event: 53.304 GC heap after
Heap after GC invocations=2816 (full 0):
 def new generation   total 4928K, used 0K [0x04c00000, 0x05150000, 0x0a150000)
  eden space 4416K,   0% used [0x04c00000, 0x04c00000, 0x05050000)
  from space 512K,   0% used [0x05050000, 0x050500a0, 0x050d0000)
  to   space 512K,   0% used [0x050d0000, 0x050d0000, 0x05150000)
 tenured generation   total 10944K, used 2600K [0x0a150000, 0x0ac00000, 0x14c00000)
   the space 10944K,  23% used [0x0a150000, 0x0a3da2a8, 0x0a3da400, 0x0ac00000)
 Metaspace       used 6240K, capacity 6465K, committed 6528K, reserved 6528K
}

