# JRE version: Java(TM) SE Runtime Environment (8.0_60-b27) (build 1.8.0_60-b27)
# Java VM: Java HotSpot(TM) Client VM (25.60-b23 mixed mode, sharing windows-x86 )
Heap:
 def new generation   total 67200K, used 40897K [0x04800000, 0x090e0000, 0x09d50000)
  eden space 59776K,  62% used [0x04800000, 0x06c31508, 0x08260000)
  from space 7424K,  51% used [0x089a0000, 0x08d5efd8, 0x090e0000)
  to   space 7424K,   0% used [0x08260000, 0x08260000, 0x089a0000)
 tenured generation   total 149200K, used 94753K [0x09d50000, 0x12f04000, 0x14800000)
   the space 149200K,  63% used [0x09d50000, 0x0f9d8468, 0x0f9d8600, 0x12f04000)
 Metaspace       used 1024K, capacity 2968K, committed 3008K, reserved 4480K
GC Heap History (10 events):
Event: 28.227 GC heap before
{Heap before GC invocations=803 (full 6):
 def new generation   total 67200K, used 63607K [0x04800000, 0x090e0000, 0x09d50000)
  eden space 59776K, 100% used [0x04800000, 0x08260000, 0x08260000)
  from space 7424K,  51% used [0x08260000, 0x0861dcf8, 0x089a0000)
  to   space 7424K,   0% used [0x089a0000, 0x089a0000, 0x090e0000)
 tenured generation   total 149200K, used 85179K [0x09d50000, 0x12f04000, 0x14800000)
   the space 149200K,  57% used [0x09d50000, 0x0f07eea0, 0x0f07f000, 0x12f04000)
 Metaspace       used 1020K, capacity 2968K, committed 3008K, reserved 4480K
Event: 28.230 GC heap after
Heap after GC invocations=804 (full 6):
 def new generation   total 67200K, used 3829K [0x04800000, 0x090e0000, 0x09d50000)
  eden space 59776K,   0% used [0x04800000, 0x04800000, 0x08260000)
  from space 7424K,  51% used [0x089a0000, 0x08d5d4b0, 0x090e0000)
  to   space 7424K,   0% used [0x08260000, 0x08260000, 0x089a0000)
 tenured generation   total 149200K, used 87096K [0x09d50000, 0x12f04000, 0x14800000)
   the space 149200K,  58% used [0x09d50000, 0x0f25e0a8, 0x0f25e200, 0x12f04000)
 Metaspace       used 1020K, capacity 2968K, committed 3008K, reserved 4480K
}
Event: 28.867 GC heap before
{Heap before GC invocations=804 (full 6):
 def new generation   total 67200K, used 63605K [0x04800000, 0x090e0000, 0x09d50000)
  eden space 59776K, 100% used [0x04800000, 0x08260000, 0x08260000)
  from space 7424K,  51% used [0x089a0000, 0x08d5d4b0, 0x090e0000)
  to   space 7424K,   0% used [0x08260000, 0x08260000, 0x089a0000)
 tenured generation   total 149200K, used 87096K [0x09d50000, 0x12f04000, 0x14800000)
   the space 149200K,  58% used [0x09d50000, 0x0f25e0a8, 0x0f25e200, 0x12f04000)
 Metaspace       used 1020K, capacity 2968K, committed 3008K, reserved 4480K
Event: 28.870 GC heap after
Heap after GC invocations=805 (full 6):
 def new generation   total 67200K, used 3829K [0x04800000, 0x090e0000, 0x09d50000)
  eden space 59776K,   0% used [0x04800000, 0x04800000, 0x08260000)
  from space 7424K,  51% used [0x08260000, 0x0861d500, 0x089a0000)
  to   space 7424K,   0% used [0x089a0000, 0x089a0000, 0x090e0000)
 tenured generation   total 149200K, used 89008K [0x09d50000, 0x12f04000, 0x14800000)
   the space 149200K,  59% used [0x09d50000, 0x0f43c388, 0x0f43c400, 0x12f04000)
 Metaspace       used 1020K, capacity 2968K, committed 3008K, reserved 4480K
}
Event: 29.515 GC heap before
{Heap before GC invocations=805 (full 6):
 def new generation   total 67200K, used 63605K [0x04800000, 0x090e0000, 0x09d50000)
  eden space 59776K, 100% used [0x04800000, 0x08260000, 0x08260000)
  from space 7424K,  51% used [0x08260000, 0x0861d500, 0x089a0000)
  to   space 7424K,   0% used [0x089a0000, 0x089a0000, 0x090e0000)
 tenured generation   total 149200K, used 89008K [0x09d50000, 0x12f04000, 0x14800000)
   the space 149200K,  59% used [0x09d50000, 0x0f43c388, 0x0f43c400, 0x12f04000)
 Metaspace       used 1020K, capacity 2968K, committed 3008K, reserved 4480K
Event: 29.518 GC heap after
Heap after GC invocations=806 (full 6):
 def new generation   total 67200K, used 3833K [0x04800000, 0x090e0000, 0x09d50000)
  eden space 59776K,   0% used [0x04800000, 0x04800000, 0x08260000)
  from space 7424K,  51% used [0x089a0000, 0x08d5e650, 0x090e0000)
  to   space 7424K,   0% used [0x08260000, 0x08260000, 0x089a0000)
 tenured generation   total 149200K, used 90922K [0x09d50000, 0x12f04000, 0x14800000)
   the space 149200K,  60% used [0x09d50000, 0x0f61a970, 0x0f61aa00, 0x12f04000)
 Metaspace       used 1020K, capacity 2968K, committed 3008K, reserved 4480K
}
Event: 30.163 GC heap before
{Heap before GC invocations=806 (full 6):
 def new generation   total 67200K, used 63609K [0x04800000, 0x090e0000, 0x09d50000)
  eden space 59776K, 100% used [0x04800000, 0x08260000, 0x08260000)
  from space 7424K,  51% used [0x089a0000, 0x08d5e650, 0x090e0000)
  to   space 7424K,   0% used [0x08260000, 0x08260000, 0x089a0000)
 tenured generation   total 149200K, used 90922K [0x09d50000, 0x12f04000, 0x14800000)
   the space 149200K,  60% used [0x09d50000, 0x0f61a970, 0x0f61aa00, 0x12f04000)
 Metaspace       used 1020K, capacity 2968K, committed 3008K, reserved 4480K
Event: 30.167 GC heap after
Heap after GC invocations=807 (full 6):
 def new generation   total 67200K, used 3835K [0x04800000, 0x090e0000, 0x09d50000)
  eden space 59776K,   0% used [0x04800000, 0x04800000, 0x08260000)
  from space 7424K,  51% used [0x08260000, 0x0861ec40, 0x089a0000)
  to   space 7424K,   0% used [0x089a0000, 0x089a0000, 0x090e0000)
 tenured generation   total 149200K, used 92837K [0x09d50000, 0x12f04000, 0x14800000)
   the space 149200K,  62% used [0x09d50000, 0x0f7f9568, 0x0f7f9600, 0x12f04000)
 Metaspace       used 1020K, capacity 2968K, committed 3008K, reserved 4480K
}
Event: 30.823 GC heap before
{Heap before GC invocations=807 (full 6):
 def new generation   total 67200K, used 63611K [0x04800000, 0x090e0000, 0x09d50000)
  eden space 59776K, 100% used [0x04800000, 0x08260000, 0x08260000)
  from space 7424K,  51% used [0x08260000, 0x0861ec40, 0x089a0000)
  to   space 7424K,   0% used [0x089a0000, 0x089a0000, 0x090e0000)
 tenured generation   total 149200K, used 92837K [0x09d50000, 0x12f04000, 0x14800000)
   the space 149200K,  62% used [0x09d50000, 0x0f7f9568, 0x0f7f9600, 0x12f04000)
 Metaspace       used 1020K, capacity 2968K, committed 3008K, reserved 4480K
Event: 30.827 GC heap after
Heap after GC invocations=808 (full 6):
 def new generation   total 67200K, used 3835K [0x04800000, 0x090e0000, 0x09d50000)
  eden space 59776K,   0% used [0x04800000, 0x04800000, 0x08260000)
  from space 7424K,  51% used [0x089a0000, 0x08d5efd8, 0x090e0000)
  to   space 7424K,   0% used [0x08260000, 0x08260000, 0x089a0000)
 tenured generation   total 149200K, used 94753K [0x09d50000, 0x12f04000, 0x14800000)
   the space 149200K,  63% used [0x09d50000, 0x0f9d8468, 0x0f9d8600, 0x12f04000)
 Metaspace       used 1020K, capacity 2968K, committed 3008K, reserved 4480K
}

