# JRE version: Java(TM) SE Runtime Environment (8.0_60-b27) (build 1.8.0_60-b27)
# Java VM: Java HotSpot(TM) Client VM (25.60-b23 mixed mode windows-x86 )
Heap:
 def new generation   total 45568K, used 30093K [0x04a00000, 0x07b70000, 0x09f50000)
  eden space 40512K,  68% used [0x04a00000, 0x064e7100, 0x07190000)
  from space 5056K,  50% used [0x07190000, 0x0740c398, 0x07680000)
  to   space 5056K,   0% used [0x07680000, 0x07680000, 0x07b70000)
 tenured generation   total 101128K, used 89885K [0x09f50000, 0x10212000, 0x14a00000)
   the space 101128K,  88% used [0x09f50000, 0x0f7174c0, 0x0f717600, 0x10212000)
 Metaspace       used 3317K, capacity 3360K, committed 3392K, reserved 4480K
GC Heap History (10 events):
Event: 38.473 GC heap before
{Heap before GC invocations=374 (full 5):
 def new generation   total 45568K, used 43052K [0x04a00000, 0x07b70000, 0x09f50000)
  eden space 40512K, 100% used [0x04a00000, 0x07190000, 0x07190000)
  from space 5056K,  50% used [0x07680000, 0x078fb198, 0x07b70000)
  to   space 5056K,   0% used [0x07190000, 0x07190000, 0x07680000)
 tenured generation   total 101128K, used 83537K [0x09f50000, 0x10212000, 0x14a00000)
   the space 101128K,  82% used [0x09f50000, 0x0f0e4768, 0x0f0e4800, 0x10212000)
 Metaspace       used 3277K, capacity 3328K, committed 3392K, reserved 4480K
Event: 38.479 GC heap after
Heap after GC invocations=375 (full 5):
 def new generation   total 45568K, used 2539K [0x04a00000, 0x07b70000, 0x09f50000)
  eden space 40512K,   0% used [0x04a00000, 0x04a00000, 0x07190000)
  from space 5056K,  50% used [0x07190000, 0x0740ae00, 0x07680000)
  to   space 5056K,   0% used [0x07680000, 0x07680000, 0x07b70000)
 tenured generation   total 101128K, used 84807K [0x09f50000, 0x10212000, 0x14a00000)
   the space 101128K,  83% used [0x09f50000, 0x0f221da8, 0x0f221e00, 0x10212000)
 Metaspace       used 3277K, capacity 3328K, committed 3392K, reserved 4480K
}
Event: 39.145 GC heap before
{Heap before GC invocations=375 (full 5):
 def new generation   total 45568K, used 43051K [0x04a00000, 0x07b70000, 0x09f50000)
  eden space 40512K, 100% used [0x04a00000, 0x07190000, 0x07190000)
  from space 5056K,  50% used [0x07190000, 0x0740ae00, 0x07680000)
  to   space 5056K,   0% used [0x07680000, 0x07680000, 0x07b70000)
 tenured generation   total 101128K, used 84807K [0x09f50000, 0x10212000, 0x14a00000)
   the space 101128K,  83% used [0x09f50000, 0x0f221da8, 0x0f221e00, 0x10212000)
 Metaspace       used 3277K, capacity 3328K, committed 3392K, reserved 4480K
Event: 39.152 GC heap after
Heap after GC invocations=376 (full 5):
 def new generation   total 45568K, used 2540K [0x04a00000, 0x07b70000, 0x09f50000)
  eden space 40512K,   0% used [0x04a00000, 0x04a00000, 0x07190000)
  from space 5056K,  50% used [0x07680000, 0x078fb078, 0x07b70000)
  to   space 5056K,   0% used [0x07190000, 0x07190000, 0x07680000)
 tenured generation   total 101128K, used 86076K [0x09f50000, 0x10212000, 0x14a00000)
   the space 101128K,  85% used [0x09f50000, 0x0f35f200, 0x0f35f200, 0x10212000)
 Metaspace       used 3277K, capacity 3328K, committed 3392K, reserved 4480K
}
Event: 39.824 GC heap before
{Heap before GC invocations=376 (full 5):
 def new generation   total 45568K, used 43052K [0x04a00000, 0x07b70000, 0x09f50000)
  eden space 40512K, 100% used [0x04a00000, 0x07190000, 0x07190000)
  from space 5056K,  50% used [0x07680000, 0x078fb078, 0x07b70000)
  to   space 5056K,   0% used [0x07190000, 0x07190000, 0x07680000)
 tenured generation   total 101128K, used 86076K [0x09f50000, 0x10212000, 0x14a00000)
   the space 101128K,  85% used [0x09f50000, 0x0f35f200, 0x0f35f200, 0x10212000)
 Metaspace       used 3277K, capacity 3328K, committed 3392K, reserved 4480K
Event: 39.829 GC heap after
Heap after GC invocations=377 (full 5):
 def new generation   total 45568K, used 2540K [0x04a00000, 0x07b70000, 0x09f50000)
  eden space 40512K,   0% used [0x04a00000, 0x04a00000, 0x07190000)
  from space 5056K,  50% used [0x07190000, 0x0740b080, 0x07680000)
  to   space 5056K,   0% used [0x07680000, 0x07680000, 0x07b70000)
 tenured generation   total 101128K, used 87345K [0x09f50000, 0x10212000, 0x14a00000)
   the space 101128K,  86% used [0x09f50000, 0x0f49c470, 0x0f49c600, 0x10212000)
 Metaspace       used 3277K, capacity 3328K, committed 3392K, reserved 4480K
}
Event: 40.495 GC heap before
{Heap before GC invocations=377 (full 5):
 def new generation   total 45568K, used 43052K [0x04a00000, 0x07b70000, 0x09f50000)
  eden space 40512K, 100% used [0x04a00000, 0x07190000, 0x07190000)
  from space 5056K,  50% used [0x07190000, 0x0740b080, 0x07680000)
  to   space 5056K,   0% used [0x07680000, 0x07680000, 0x07b70000)
 tenured generation   total 101128K, used 87345K [0x09f50000, 0x10212000, 0x14a00000)
   the space 101128K,  86% used [0x09f50000, 0x0f49c470, 0x0f49c600, 0x10212000)
 Metaspace       used 3277K, capacity 3328K, committed 3392K, reserved 4480K
Event: 40.500 GC heap after
Heap after GC invocations=378 (full 5):
 def new generation   total 45568K, used 2543K [0x04a00000, 0x07b70000, 0x09f50000)
  eden space 40512K,   0% used [0x04a00000, 0x04a00000, 0x07190000)
  from space 5056K,  50% used [0x07680000, 0x078fbd40, 0x07b70000)
  to   space 5056K,   0% used [0x07190000, 0x07190000, 0x07680000)
 tenured generation   total 101128K, used 88614K [0x09f50000, 0x10212000, 0x14a00000)
   the space 101128K,  87% used [0x09f50000, 0x0f5d9ab0, 0x0f5d9c00, 0x10212000)
 Metaspace       used 3277K, capacity 3328K, committed 3392K, reserved 4480K
}
Event: 41.163 GC heap before
{Heap before GC invocations=378 (full 5):
 def new generation   total 45568K, used 43055K [0x04a00000, 0x07b70000, 0x09f50000)
  eden space 40512K, 100% used [0x04a00000, 0x07190000, 0x07190000)
  from space 5056K,  50% used [0x07680000, 0x078fbd40, 0x07b70000)
  to   space 5056K,   0% used [0x07190000, 0x07190000, 0x07680000)
 tenured generation   total 101128K, used 88614K [0x09f50000, 0x10212000, 0x14a00000)
   the space 101128K,  87% used [0x09f50000, 0x0f5d9ab0, 0x0f5d9c00, 0x10212000)
 Metaspace       used 3277K, capacity 3328K, committed 3392K, reserved 4480K
Event: 41.168 GC heap after
Heap after GC invocations=379 (full 5):
 def new generation   total 45568K, used 2544K [0x04a00000, 0x07b70000, 0x09f50000)
  eden space 40512K,   0% used [0x04a00000, 0x04a00000, 0x07190000)
  from space 5056K,  50% used [0x07190000, 0x0740c398, 0x07680000)
  to   space 5056K,   0% used [0x07680000, 0x07680000, 0x07b70000)
 tenured generation   total 101128K, used 89885K [0x09f50000, 0x10212000, 0x14a00000)
   the space 101128K,  88% used [0x09f50000, 0x0f7174c0, 0x0f717600, 0x10212000)
 Metaspace       used 3277K, capacity 3328K, committed 3392K, reserved 4480K
}

