# JRE version: Java(TM) SE Runtime Environment (8.0_60-b27) (build 1.8.0_60-b27)
# Java VM: Java HotSpot(TM) Client VM (25.60-b23 mixed mode windows-x86 )
Heap:
 def new generation   total 45568K, used 30093K [0x05000000, 0x08170000, 0x0a550000)
  eden space 40512K,  68% used [0x05000000, 0x06ae7100, 0x07790000)
  from space 5056K,  50% used [0x07790000, 0x07a0c398, 0x07c80000)
  to   space 5056K,   0% used [0x07c80000, 0x07c80000, 0x08170000)
 tenured generation   total 101128K, used 89885K [0x0a550000, 0x10812000, 0x15000000)
   the space 101128K,  88% used [0x0a550000, 0x0fd174c0, 0x0fd17600, 0x10812000)
 Metaspace       used 3317K, capacity 3360K, committed 3392K, reserved 4480K
GC Heap History (10 events):
Event: 37.725 GC heap before
{Heap before GC invocations=374 (full 5):
 def new generation   total 45568K, used 43052K [0x05000000, 0x08170000, 0x0a550000)
  eden space 40512K, 100% used [0x05000000, 0x07790000, 0x07790000)
  from space 5056K,  50% used [0x07c80000, 0x07efb198, 0x08170000)
  to   space 5056K,   0% used [0x07790000, 0x07790000, 0x07c80000)
 tenured generation   total 101128K, used 83537K [0x0a550000, 0x10812000, 0x15000000)
   the space 101128K,  82% used [0x0a550000, 0x0f6e4768, 0x0f6e4800, 0x10812000)
 Metaspace       used 3277K, capacity 3328K, committed 3392K, reserved 4480K
Event: 37.731 GC heap after
Heap after GC invocations=375 (full 5):
 def new generation   total 45568K, used 2539K [0x05000000, 0x08170000, 0x0a550000)
  eden space 40512K,   0% used [0x05000000, 0x05000000, 0x07790000)
  from space 5056K,  50% used [0x07790000, 0x07a0ae00, 0x07c80000)
  to   space 5056K,   0% used [0x07c80000, 0x07c80000, 0x08170000)
 tenured generation   total 101128K, used 84807K [0x0a550000, 0x10812000, 0x15000000)
   the space 101128K,  83% used [0x0a550000, 0x0f821da8, 0x0f821e00, 0x10812000)
 Metaspace       used 3277K, capacity 3328K, committed 3392K, reserved 4480K
}
Event: 38.385 GC heap before
{Heap before GC invocations=375 (full 5):
 def new generation   total 45568K, used 43051K [0x05000000, 0x08170000, 0x0a550000)
  eden space 40512K, 100% used [0x05000000, 0x07790000, 0x07790000)
  from space 5056K,  50% used [0x07790000, 0x07a0ae00, 0x07c80000)
  to   space 5056K,   0% used [0x07c80000, 0x07c80000, 0x08170000)
 tenured generation   total 101128K, used 84807K [0x0a550000, 0x10812000, 0x15000000)
   the space 101128K,  83% used [0x0a550000, 0x0f821da8, 0x0f821e00, 0x10812000)
 Metaspace       used 3277K, capacity 3328K, committed 3392K, reserved 4480K
Event: 38.392 GC heap after
Heap after GC invocations=376 (full 5):
 def new generation   total 45568K, used 2540K [0x05000000, 0x08170000, 0x0a550000)
  eden space 40512K,   0% used [0x05000000, 0x05000000, 0x07790000)
  from space 5056K,  50% used [0x07c80000, 0x07efb078, 0x08170000)
  to   space 5056K,   0% used [0x07790000, 0x07790000, 0x07c80000)
 tenured generation   total 101128K, used 86076K [0x0a550000, 0x10812000, 0x15000000)
   the space 101128K,  85% used [0x0a550000, 0x0f95f200, 0x0f95f200, 0x10812000)
 Metaspace       used 3277K, capacity 3328K, committed 3392K, reserved 4480K
}
Event: 39.048 GC heap before
{Heap before GC invocations=376 (full 5):
 def new generation   total 45568K, used 43052K [0x05000000, 0x08170000, 0x0a550000)
  eden space 40512K, 100% used [0x05000000, 0x07790000, 0x07790000)
  from space 5056K,  50% used [0x07c80000, 0x07efb078, 0x08170000)
  to   space 5056K,   0% used [0x07790000, 0x07790000, 0x07c80000)
 tenured generation   total 101128K, used 86076K [0x0a550000, 0x10812000, 0x15000000)
   the space 101128K,  85% used [0x0a550000, 0x0f95f200, 0x0f95f200, 0x10812000)
 Metaspace       used 3277K, capacity 3328K, committed 3392K, reserved 4480K
Event: 39.053 GC heap after
Heap after GC invocations=377 (full 5):
 def new generation   total 45568K, used 2540K [0x05000000, 0x08170000, 0x0a550000)
  eden space 40512K,   0% used [0x05000000, 0x05000000, 0x07790000)
  from space 5056K,  50% used [0x07790000, 0x07a0b080, 0x07c80000)
  to   space 5056K,   0% used [0x07c80000, 0x07c80000, 0x08170000)
 tenured generation   total 101128K, used 87345K [0x0a550000, 0x10812000, 0x15000000)
   the space 101128K,  86% used [0x0a550000, 0x0fa9c470, 0x0fa9c600, 0x10812000)
 Metaspace       used 3277K, capacity 3328K, committed 3392K, reserved 4480K
}
Event: 39.731 GC heap before
{Heap before GC invocations=377 (full 5):
 def new generation   total 45568K, used 43052K [0x05000000, 0x08170000, 0x0a550000)
  eden space 40512K, 100% used [0x05000000, 0x07790000, 0x07790000)
  from space 5056K,  50% used [0x07790000, 0x07a0b080, 0x07c80000)
  to   space 5056K,   0% used [0x07c80000, 0x07c80000, 0x08170000)
 tenured generation   total 101128K, used 87345K [0x0a550000, 0x10812000, 0x15000000)
   the space 101128K,  86% used [0x0a550000, 0x0fa9c470, 0x0fa9c600, 0x10812000)
 Metaspace       used 3277K, capacity 3328K, committed 3392K, reserved 4480K
Event: 39.737 GC heap after
Heap after GC invocations=378 (full 5):
 def new generation   total 45568K, used 2543K [0x05000000, 0x08170000, 0x0a550000)
  eden space 40512K,   0% used [0x05000000, 0x05000000, 0x07790000)
  from space 5056K,  50% used [0x07c80000, 0x07efbd40, 0x08170000)
  to   space 5056K,   0% used [0x07790000, 0x07790000, 0x07c80000)
 tenured generation   total 101128K, used 88614K [0x0a550000, 0x10812000, 0x15000000)
   the space 101128K,  87% used [0x0a550000, 0x0fbd9ab0, 0x0fbd9c00, 0x10812000)
 Metaspace       used 3277K, capacity 3328K, committed 3392K, reserved 4480K
}
Event: 40.418 GC heap before
{Heap before GC invocations=378 (full 5):
 def new generation   total 45568K, used 43055K [0x05000000, 0x08170000, 0x0a550000)
  eden space 40512K, 100% used [0x05000000, 0x07790000, 0x07790000)
  from space 5056K,  50% used [0x07c80000, 0x07efbd40, 0x08170000)
  to   space 5056K,   0% used [0x07790000, 0x07790000, 0x07c80000)
 tenured generation   total 101128K, used 88614K [0x0a550000, 0x10812000, 0x15000000)
   the space 101128K,  87% used [0x0a550000, 0x0fbd9ab0, 0x0fbd9c00, 0x10812000)
 Metaspace       used 3277K, capacity 3328K, committed 3392K, reserved 4480K
Event: 40.424 GC heap after
Heap after GC invocations=379 (full 5):
 def new generation   total 45568K, used 2544K [0x05000000, 0x08170000, 0x0a550000)
  eden space 40512K,   0% used [0x05000000, 0x05000000, 0x07790000)
  from space 5056K,  50% used [0x07790000, 0x07a0c398, 0x07c80000)
  to   space 5056K,   0% used [0x07c80000, 0x07c80000, 0x08170000)
 tenured generation   total 101128K, used 89885K [0x0a550000, 0x10812000, 0x15000000)
   the space 101128K,  88% used [0x0a550000, 0x0fd174c0, 0x0fd17600, 0x10812000)
 Metaspace       used 3277K, capacity 3328K, committed 3392K, reserved 4480K
}

