# JRE version: Java(TM) SE Runtime Environment (8.0_60-b27) (build 1.8.0_60-b27)
# Java VM: Java HotSpot(TM) Client VM (25.60-b23 mixed mode windows-x86 )
Heap:
 def new generation   total 4928K, used 3566K [0x04a00000, 0x04f50000, 0x09f50000)
  eden space 4416K,  80% used [0x04a00000, 0x04d7b950, 0x04e50000)
  from space 512K,   0% used [0x04ed0000, 0x04ed0060, 0x04f50000)
  to   space 512K,   0% used [0x04e50000, 0x04e50000, 0x04ed0000)
 tenured generation   total 10944K, used 2566K [0x09f50000, 0x0aa00000, 0x14a00000)
   the space 10944K,  23% used [0x09f50000, 0x0a1d1a70, 0x0a1d1c00, 0x0aa00000)
 Metaspace       used 6238K, capacity 6433K, committed 6528K, reserved 6528K
GC Heap History (10 events):
Event: 33.927 GC heap before
{Heap before GC invocations=2000 (full 0):
 def new generation   total 4928K, used 4416K [0x04a00000, 0x04f50000, 0x09f50000)
  eden space 4416K, 100% used [0x04a00000, 0x04e50000, 0x04e50000)
  from space 512K,   0% used [0x04e50000, 0x04e50058, 0x04ed0000)
  to   space 512K,   0% used [0x04ed0000, 0x04ed0000, 0x04f50000)
 tenured generation   total 10944K, used 2566K [0x09f50000, 0x0aa00000, 0x14a00000)
   the space 10944K,  23% used [0x09f50000, 0x0a1d1a70, 0x0a1d1c00, 0x0aa00000)
 Metaspace       used 6234K, capacity 6433K, committed 6528K, reserved 6528K
Event: 33.927 GC heap after
Heap after GC invocations=2001 (full 0):
 def new generation   total 4928K, used 0K [0x04a00000, 0x04f50000, 0x09f50000)
  eden space 4416K,   0% used [0x04a00000, 0x04a00000, 0x04e50000)
  from space 512K,   0% used [0x04ed0000, 0x04ed0070, 0x04f50000)
  to   space 512K,   0% used [0x04e50000, 0x04e50000, 0x04ed0000)
 tenured generation   total 10944K, used 2566K [0x09f50000, 0x0aa00000, 0x14a00000)
   the space 10944K,  23% used [0x09f50000, 0x0a1d1a70, 0x0a1d1c00, 0x0aa00000)
 Metaspace       used 6234K, capacity 6433K, committed 6528K, reserved 6528K
}
Event: 33.945 GC heap before
{Heap before GC invocations=2001 (full 0):
 def new generation   total 4928K, used 4416K [0x04a00000, 0x04f50000, 0x09f50000)
  eden space 4416K, 100% used [0x04a00000, 0x04e50000, 0x04e50000)
  from space 512K,   0% used [0x04ed0000, 0x04ed0070, 0x04f50000)
  to   space 512K,   0% used [0x04e50000, 0x04e50000, 0x04ed0000)
 tenured generation   total 10944K, used 2566K [0x09f50000, 0x0aa00000, 0x14a00000)
   the space 10944K,  23% used [0x09f50000, 0x0a1d1a70, 0x0a1d1c00, 0x0aa00000)
 Metaspace       used 6234K, capacity 6433K, committed 6528K, reserved 6528K
Event: 33.945 GC heap after
Heap after GC invocations=2002 (full 0):
 def new generation   total 4928K, used 0K [0x04a00000, 0x04f50000, 0x09f50000)
  eden space 4416K,   0% used [0x04a00000, 0x04a00000, 0x04e50000)
  from space 512K,   0% used [0x04e50000, 0x04e50060, 0x04ed0000)
  to   space 512K,   0% used [0x04ed0000, 0x04ed0000, 0x04f50000)
 tenured generation   total 10944K, used 2566K [0x09f50000, 0x0aa00000, 0x14a00000)
   the space 10944K,  23% used [0x09f50000, 0x0a1d1a70, 0x0a1d1c00, 0x0aa00000)
 Metaspace       used 6234K, capacity 6433K, committed 6528K, reserved 6528K
}
Event: 33.962 GC heap before
{Heap before GC invocations=2002 (full 0):
 def new generation   total 4928K, used 4416K [0x04a00000, 0x04f50000, 0x09f50000)
  eden space 4416K, 100% used [0x04a00000, 0x04e50000, 0x04e50000)
  from space 512K,   0% used [0x04e50000, 0x04e50060, 0x04ed0000)
  to   space 512K,   0% used [0x04ed0000, 0x04ed0000, 0x04f50000)
 tenured generation   total 10944K, used 2566K [0x09f50000, 0x0aa00000, 0x14a00000)
   the space 10944K,  23% used [0x09f50000, 0x0a1d1a70, 0x0a1d1c00, 0x0aa00000)
 Metaspace       used 6234K, capacity 6433K, committed 6528K, reserved 6528K
Event: 33.963 GC heap after
Heap after GC invocations=2003 (full 0):
 def new generation   total 4928K, used 0K [0x04a00000, 0x04f50000, 0x09f50000)
  eden space 4416K,   0% used [0x04a00000, 0x04a00000, 0x04e50000)
  from space 512K,   0% used [0x04ed0000, 0x04ed0058, 0x04f50000)
  to   space 512K,   0% used [0x04e50000, 0x04e50000, 0x04ed0000)
 tenured generation   total 10944K, used 2566K [0x09f50000, 0x0aa00000, 0x14a00000)
   the space 10944K,  23% used [0x09f50000, 0x0a1d1a70, 0x0a1d1c00, 0x0aa00000)
 Metaspace       used 6234K, capacity 6433K, committed 6528K, reserved 6528K
}
Event: 33.980 GC heap before
{Heap before GC invocations=2003 (full 0):
 def new generation   total 4928K, used 4416K [0x04a00000, 0x04f50000, 0x09f50000)
  eden space 4416K, 100% used [0x04a00000, 0x04e50000, 0x04e50000)
  from space 512K,   0% used [0x04ed0000, 0x04ed0058, 0x04f50000)
  to   space 512K,   0% used [0x04e50000, 0x04e50000, 0x04ed0000)
 tenured generation   total 10944K, used 2566K [0x09f50000, 0x0aa00000, 0x14a00000)
   the space 10944K,  23% used [0x09f50000, 0x0a1d1a70, 0x0a1d1c00, 0x0aa00000)
 Metaspace       used 6234K, capacity 6433K, committed 6528K, reserved 6528K
Event: 33.980 GC heap after
Heap after GC invocations=2004 (full 0):
 def new generation   total 4928K, used 0K [0x04a00000, 0x04f50000, 0x09f50000)
  eden space 4416K,   0% used [0x04a00000, 0x04a00000, 0x04e50000)
  from space 512K,   0% used [0x04e50000, 0x04e50070, 0x04ed0000)
  to   space 512K,   0% used [0x04ed0000, 0x04ed0000, 0x04f50000)
 tenured generation   total 10944K, used 2566K [0x09f50000, 0x0aa00000, 0x14a00000)
   the space 10944K,  23% used [0x09f50000, 0x0a1d1a70, 0x0a1d1c00, 0x0aa00000)
 Metaspace       used 6234K, capacity 6433K, committed 6528K, reserved 6528K
}
Event: 33.998 GC heap before
{Heap before GC invocations=2004 (full 0):
 def new generation   total 4928K, used 4416K [0x04a00000, 0x04f50000, 0x09f50000)
  eden space 4416K, 100% used [0x04a00000, 0x04e50000, 0x04e50000)
  from space 512K,   0% used [0x04e50000, 0x04e50070, 0x04ed0000)
  to   space 512K,   0% used [0x04ed0000, 0x04ed0000, 0x04f50000)
 tenured generation   total 10944K, used 2566K [0x09f50000, 0x0aa00000, 0x14a00000)
   the space 10944K,  23% used [0x09f50000, 0x0a1d1a70, 0x0a1d1c00, 0x0aa00000)
 Metaspace       used 6234K, capacity 6433K, committed 6528K, reserved 6528K
Event: 33.999 GC heap after
Heap after GC invocations=2005 (full 0):
 def new generation   total 4928K, used 0K [0x04a00000, 0x04f50000, 0x09f50000)
  eden space 4416K,   0% used [0x04a00000, 0x04a00000, 0x04e50000)
  from space 512K,   0% used [0x04ed0000, 0x04ed0060, 0x04f50000)
  to   space 512K,   0% used [0x04e50000, 0x04e50000, 0x04ed0000)
 tenured generation   total 10944K, used 2566K [0x09f50000, 0x0aa00000, 0x14a00000)
   the space 10944K,  23% used [0x09f50000, 0x0a1d1a70, 0x0a1d1c00, 0x0aa00000)
 Metaspace       used 6234K, capacity 6433K, committed 6528K, reserved 6528K
}

